2022-06-22 21:48:32.341 [main] INFO  com.example.mybatisplus.MybatisplusApplication -Starting MybatisplusApplication using Java 1.8.0_212 on WIN-QCICFLQ1597 with PID 12312 (D:\code\spring-boot-mybatisplus-3.1.x-master\target\classes started by Administrator in D:\code\spring-boot-mybatisplus-3.1.x-master)
2022-06-22 21:48:32.343 [main] INFO  com.example.mybatisplus.MybatisplusApplication -No active profile set, falling back to 1 default profile: "default"
2022-06-22 21:48:33.379 [main] INFO  o.s.boot.web.embedded.tomcat.TomcatWebServer -Tomcat initialized with port(s): 9090 (http)
2022-06-22 21:48:33.387 [main] INFO  org.apache.coyote.http11.Http11NioProtocol -Initializing ProtocolHandler ["http-nio-9090"]
2022-06-22 21:48:33.388 [main] INFO  org.apache.catalina.core.StandardService -Starting service [Tomcat]
2022-06-22 21:48:33.388 [main] INFO  org.apache.catalina.core.StandardEngine -Starting Servlet engine: [Apache Tomcat/9.0.60]
2022-06-22 21:48:33.442 [main] INFO  o.a.c.core.ContainerBase.[Tomcat].[localhost].[/] -Initializing Spring embedded WebApplicationContext
2022-06-22 21:48:33.442 [main] INFO  o.s.b.w.s.c.ServletWebServerApplicationContext -Root WebApplicationContext: initialization completed in 1056 ms
2022-06-22 21:48:33.764 [main] INFO  com.zaxxer.hikari.HikariDataSource -HikariPool-1 - Starting...
2022-06-22 21:48:33.980 [main] INFO  com.zaxxer.hikari.HikariDataSource -HikariPool-1 - Start completed.
2022-06-22 21:48:34.549 [main] INFO  o.s.b.actuate.endpoint.web.EndpointLinksResolver -Exposing 13 endpoint(s) beneath base path '/actuator'
2022-06-22 21:48:34.575 [main] INFO  org.apache.coyote.http11.Http11NioProtocol -Starting ProtocolHandler ["http-nio-9090"]
2022-06-22 21:48:34.590 [main] INFO  o.s.boot.web.embedded.tomcat.TomcatWebServer -Tomcat started on port(s): 9090 (http) with context path ''
2022-06-22 21:48:34.600 [main] INFO  com.example.mybatisplus.MybatisplusApplication -Started MybatisplusApplication in 2.632 seconds (JVM running for 4.58)
2022-06-22 21:48:34.898 [RMI TCP Connection(2)-192.168.123.102] INFO  o.a.c.core.ContainerBase.[Tomcat].[localhost].[/] -Initializing Spring DispatcherServlet 'dispatcherServlet'
2022-06-22 21:48:34.898 [RMI TCP Connection(2)-192.168.123.102] INFO  org.springframework.web.servlet.DispatcherServlet -Initializing Servlet 'dispatcherServlet'
2022-06-22 21:48:34.899 [RMI TCP Connection(2)-192.168.123.102] INFO  org.springframework.web.servlet.DispatcherServlet -Completed initialization in 1 ms
2022-06-22 21:55:23.141 [SpringApplicationShutdownHook] INFO  com.zaxxer.hikari.HikariDataSource -HikariPool-1 - Shutdown initiated...
2022-06-22 21:55:23.143 [SpringApplicationShutdownHook] INFO  com.zaxxer.hikari.HikariDataSource -HikariPool-1 - Shutdown completed.
2022-06-22 21:58:52.404 [main] INFO  com.example.mybatisplus.MybatisplusApplication -Starting MybatisplusApplication using Java 1.8.0_212 on WIN-QCICFLQ1597 with PID 4148 (D:\code\spring-boot-mybatisplus-3.1.x-master\target\classes started by Administrator in D:\code\spring-boot-mybatisplus-3.1.x-master)
2022-06-22 21:58:52.406 [main] INFO  com.example.mybatisplus.MybatisplusApplication -No active profile set, falling back to 1 default profile: "default"
2022-06-22 21:58:53.449 [main] INFO  o.s.boot.web.embedded.tomcat.TomcatWebServer -Tomcat initialized with port(s): 9090 (http)
2022-06-22 21:58:53.457 [main] INFO  org.apache.coyote.http11.Http11NioProtocol -Initializing ProtocolHandler ["http-nio-9090"]
2022-06-22 21:58:53.457 [main] INFO  org.apache.catalina.core.StandardService -Starting service [Tomcat]
2022-06-22 21:58:53.457 [main] INFO  org.apache.catalina.core.StandardEngine -Starting Servlet engine: [Apache Tomcat/9.0.60]
2022-06-22 21:58:53.513 [main] INFO  o.a.c.core.ContainerBase.[Tomcat].[localhost].[/] -Initializing Spring embedded WebApplicationContext
2022-06-22 21:58:53.513 [main] INFO  o.s.b.w.s.c.ServletWebServerApplicationContext -Root WebApplicationContext: initialization completed in 1065 ms
2022-06-22 21:58:53.824 [main] INFO  com.zaxxer.hikari.HikariDataSource -HikariPool-1 - Starting...
2022-06-22 21:58:54.050 [main] INFO  com.zaxxer.hikari.HikariDataSource -HikariPool-1 - Start completed.
2022-06-22 21:58:54.628 [main] INFO  o.s.b.actuate.endpoint.web.EndpointLinksResolver -Exposing 13 endpoint(s) beneath base path '/actuator'
2022-06-22 21:58:54.654 [main] INFO  org.apache.coyote.http11.Http11NioProtocol -Starting ProtocolHandler ["http-nio-9090"]
2022-06-22 21:58:54.668 [main] INFO  o.s.boot.web.embedded.tomcat.TomcatWebServer -Tomcat started on port(s): 9090 (http) with context path ''
2022-06-22 21:58:54.679 [main] INFO  com.example.mybatisplus.MybatisplusApplication -Started MybatisplusApplication in 2.639 seconds (JVM running for 4.56)
2022-06-22 21:58:55.037 [RMI TCP Connection(3)-192.168.123.102] INFO  o.a.c.core.ContainerBase.[Tomcat].[localhost].[/] -Initializing Spring DispatcherServlet 'dispatcherServlet'
2022-06-22 21:58:55.038 [RMI TCP Connection(3)-192.168.123.102] INFO  org.springframework.web.servlet.DispatcherServlet -Initializing Servlet 'dispatcherServlet'
2022-06-22 21:58:55.039 [RMI TCP Connection(3)-192.168.123.102] INFO  org.springframework.web.servlet.DispatcherServlet -Completed initialization in 1 ms
2022-06-22 21:59:01.551 [SpringApplicationShutdownHook] INFO  com.zaxxer.hikari.HikariDataSource -HikariPool-1 - Shutdown initiated...
2022-06-22 21:59:01.553 [SpringApplicationShutdownHook] INFO  com.zaxxer.hikari.HikariDataSource -HikariPool-1 - Shutdown completed.
2022-06-22 22:00:48.732 [main] INFO  com.example.mybatisplus.MybatisplusApplication -Starting MybatisplusApplication using Java 1.8.0_212 on WIN-QCICFLQ1597 with PID 11868 (D:\code\spring-boot-mybatisplus-3.1.x-master\target\classes started by Administrator in D:\code\spring-boot-mybatisplus-3.1.x-master)
2022-06-22 22:00:48.734 [main] INFO  com.example.mybatisplus.MybatisplusApplication -No active profile set, falling back to 1 default profile: "default"
2022-06-22 22:00:49.788 [main] INFO  o.s.boot.web.embedded.tomcat.TomcatWebServer -Tomcat initialized with port(s): 9090 (http)
2022-06-22 22:00:49.796 [main] INFO  org.apache.coyote.http11.Http11NioProtocol -Initializing ProtocolHandler ["http-nio-9090"]
2022-06-22 22:00:49.797 [main] INFO  org.apache.catalina.core.StandardService -Starting service [Tomcat]
2022-06-22 22:00:49.797 [main] INFO  org.apache.catalina.core.StandardEngine -Starting Servlet engine: [Apache Tomcat/9.0.60]
2022-06-22 22:00:49.856 [main] INFO  o.a.c.core.ContainerBase.[Tomcat].[localhost].[/] -Initializing Spring embedded WebApplicationContext
2022-06-22 22:00:49.856 [main] INFO  o.s.b.w.s.c.ServletWebServerApplicationContext -Root WebApplicationContext: initialization completed in 1082 ms
2022-06-22 22:00:50.191 [main] INFO  com.zaxxer.hikari.HikariDataSource -HikariPool-1 - Starting...
2022-06-22 22:00:50.411 [main] INFO  com.zaxxer.hikari.HikariDataSource -HikariPool-1 - Start completed.
2022-06-22 22:00:51.054 [main] INFO  o.s.b.actuate.endpoint.web.EndpointLinksResolver -Exposing 13 endpoint(s) beneath base path '/actuator'
2022-06-22 22:00:51.083 [main] INFO  org.apache.coyote.http11.Http11NioProtocol -Starting ProtocolHandler ["http-nio-9090"]
2022-06-22 22:00:51.099 [main] INFO  o.s.boot.web.embedded.tomcat.TomcatWebServer -Tomcat started on port(s): 9090 (http) with context path ''
2022-06-22 22:00:51.110 [main] INFO  com.example.mybatisplus.MybatisplusApplication -Started MybatisplusApplication in 2.743 seconds (JVM running for 4.675)
2022-06-22 22:00:51.321 [RMI TCP Connection(1)-192.168.123.102] INFO  o.a.c.core.ContainerBase.[Tomcat].[localhost].[/] -Initializing Spring DispatcherServlet 'dispatcherServlet'
2022-06-22 22:00:51.321 [RMI TCP Connection(1)-192.168.123.102] INFO  org.springframework.web.servlet.DispatcherServlet -Initializing Servlet 'dispatcherServlet'
2022-06-22 22:00:51.322 [RMI TCP Connection(1)-192.168.123.102] INFO  org.springframework.web.servlet.DispatcherServlet -Completed initialization in 1 ms
2022-06-22 22:05:11.734 [SpringApplicationShutdownHook] INFO  com.zaxxer.hikari.HikariDataSource -HikariPool-1 - Shutdown initiated...
2022-06-22 22:05:11.737 [SpringApplicationShutdownHook] INFO  com.zaxxer.hikari.HikariDataSource -HikariPool-1 - Shutdown completed.
2022-06-22 22:05:42.451 [main] INFO  com.example.mybatisplus.MybatisplusApplication -Starting MybatisplusApplication using Java 1.8.0_212 on WIN-QCICFLQ1597 with PID 14492 (D:\code\spring-boot-mybatisplus-3.1.x-master\target\classes started by Administrator in D:\code\spring-boot-mybatisplus-3.1.x-master)
2022-06-22 22:05:42.453 [main] INFO  com.example.mybatisplus.MybatisplusApplication -No active profile set, falling back to 1 default profile: "default"
2022-06-22 22:05:43.522 [main] INFO  o.s.boot.web.embedded.tomcat.TomcatWebServer -Tomcat initialized with port(s): 9090 (http)
2022-06-22 22:05:43.530 [main] INFO  org.apache.coyote.http11.Http11NioProtocol -Initializing ProtocolHandler ["http-nio-9090"]
2022-06-22 22:05:43.531 [main] INFO  org.apache.catalina.core.StandardService -Starting service [Tomcat]
2022-06-22 22:05:43.531 [main] INFO  org.apache.catalina.core.StandardEngine -Starting Servlet engine: [Apache Tomcat/9.0.60]
2022-06-22 22:05:43.587 [main] INFO  o.a.c.core.ContainerBase.[Tomcat].[localhost].[/] -Initializing Spring embedded WebApplicationContext
2022-06-22 22:05:43.587 [main] INFO  o.s.b.w.s.c.ServletWebServerApplicationContext -Root WebApplicationContext: initialization completed in 1092 ms
2022-06-22 22:05:43.901 [main] INFO  com.zaxxer.hikari.HikariDataSource -HikariPool-1 - Starting...
2022-06-22 22:05:44.118 [main] INFO  com.zaxxer.hikari.HikariDataSource -HikariPool-1 - Start completed.
2022-06-22 22:05:44.690 [main] INFO  o.s.b.actuate.endpoint.web.EndpointLinksResolver -Exposing 13 endpoint(s) beneath base path '/actuator'
2022-06-22 22:05:44.715 [main] INFO  org.apache.coyote.http11.Http11NioProtocol -Starting ProtocolHandler ["http-nio-9090"]
2022-06-22 22:05:44.729 [main] INFO  o.s.boot.web.embedded.tomcat.TomcatWebServer -Tomcat started on port(s): 9090 (http) with context path ''
2022-06-22 22:05:44.740 [main] INFO  com.example.mybatisplus.MybatisplusApplication -Started MybatisplusApplication in 2.664 seconds (JVM running for 4.626)
2022-06-22 22:05:45.064 [RMI TCP Connection(3)-192.168.123.102] INFO  o.a.c.core.ContainerBase.[Tomcat].[localhost].[/] -Initializing Spring DispatcherServlet 'dispatcherServlet'
2022-06-22 22:05:45.064 [RMI TCP Connection(3)-192.168.123.102] INFO  org.springframework.web.servlet.DispatcherServlet -Initializing Servlet 'dispatcherServlet'
2022-06-22 22:05:45.065 [RMI TCP Connection(3)-192.168.123.102] INFO  org.springframework.web.servlet.DispatcherServlet -Completed initialization in 1 ms
2022-06-22 22:06:16.512 [SpringApplicationShutdownHook] INFO  com.zaxxer.hikari.HikariDataSource -HikariPool-1 - Shutdown initiated...
2022-06-22 22:06:16.515 [SpringApplicationShutdownHook] INFO  com.zaxxer.hikari.HikariDataSource -HikariPool-1 - Shutdown completed.
2022-06-22 22:09:16.083 [main] INFO  com.example.mybatisplus.MybatisplusApplication -Starting MybatisplusApplication using Java 1.8.0_212 on WIN-QCICFLQ1597 with PID 13144 (D:\code\spring-boot-mybatisplus-3.1.x-master\target\classes started by Administrator in D:\code\spring-boot-mybatisplus-3.1.x-master)
2022-06-22 22:09:16.087 [main] INFO  com.example.mybatisplus.MybatisplusApplication -No active profile set, falling back to 1 default profile: "default"
2022-06-22 22:09:17.145 [main] INFO  o.s.boot.web.embedded.tomcat.TomcatWebServer -Tomcat initialized with port(s): 9090 (http)
2022-06-22 22:09:17.153 [main] INFO  org.apache.coyote.http11.Http11NioProtocol -Initializing ProtocolHandler ["http-nio-9090"]
2022-06-22 22:09:17.153 [main] INFO  org.apache.catalina.core.StandardService -Starting service [Tomcat]
2022-06-22 22:09:17.154 [main] INFO  org.apache.catalina.core.StandardEngine -Starting Servlet engine: [Apache Tomcat/9.0.60]
2022-06-22 22:09:17.207 [main] INFO  o.a.c.core.ContainerBase.[Tomcat].[localhost].[/] -Initializing Spring embedded WebApplicationContext
2022-06-22 22:09:17.207 [main] INFO  o.s.b.w.s.c.ServletWebServerApplicationContext -Root WebApplicationContext: initialization completed in 1071 ms
2022-06-22 22:09:17.516 [main] INFO  com.zaxxer.hikari.HikariDataSource -HikariPool-1 - Starting...
2022-06-22 22:09:17.739 [main] INFO  com.zaxxer.hikari.HikariDataSource -HikariPool-1 - Start completed.
2022-06-22 22:09:18.323 [main] INFO  o.s.b.actuate.endpoint.web.EndpointLinksResolver -Exposing 13 endpoint(s) beneath base path '/actuator'
2022-06-22 22:09:18.348 [main] INFO  org.apache.coyote.http11.Http11NioProtocol -Starting ProtocolHandler ["http-nio-9090"]
2022-06-22 22:09:18.363 [main] INFO  o.s.boot.web.embedded.tomcat.TomcatWebServer -Tomcat started on port(s): 9090 (http) with context path ''
2022-06-22 22:09:18.374 [main] INFO  com.example.mybatisplus.MybatisplusApplication -Started MybatisplusApplication in 2.672 seconds (JVM running for 4.68)
2022-06-22 22:09:18.563 [RMI TCP Connection(1)-192.168.123.102] INFO  o.a.c.core.ContainerBase.[Tomcat].[localhost].[/] -Initializing Spring DispatcherServlet 'dispatcherServlet'
2022-06-22 22:09:18.563 [RMI TCP Connection(1)-192.168.123.102] INFO  org.springframework.web.servlet.DispatcherServlet -Initializing Servlet 'dispatcherServlet'
2022-06-22 22:09:18.564 [RMI TCP Connection(1)-192.168.123.102] INFO  org.springframework.web.servlet.DispatcherServlet -Completed initialization in 1 ms
2022-06-22 22:11:18.282 [SpringApplicationShutdownHook] INFO  com.zaxxer.hikari.HikariDataSource -HikariPool-1 - Shutdown initiated...
2022-06-22 22:11:18.284 [SpringApplicationShutdownHook] INFO  com.zaxxer.hikari.HikariDataSource -HikariPool-1 - Shutdown completed.
2022-06-22 22:11:21.267 [main] INFO  com.example.mybatisplus.MybatisplusApplication -Starting MybatisplusApplication using Java 1.8.0_212 on WIN-QCICFLQ1597 with PID 15804 (D:\code\spring-boot-mybatisplus-3.1.x-master\target\classes started by Administrator in D:\code\spring-boot-mybatisplus-3.1.x-master)
2022-06-22 22:11:21.269 [main] INFO  com.example.mybatisplus.MybatisplusApplication -No active profile set, falling back to 1 default profile: "default"
2022-06-22 22:11:22.335 [main] INFO  o.s.boot.web.embedded.tomcat.TomcatWebServer -Tomcat initialized with port(s): 9090 (http)
2022-06-22 22:11:22.344 [main] INFO  org.apache.coyote.http11.Http11NioProtocol -Initializing ProtocolHandler ["http-nio-9090"]
2022-06-22 22:11:22.344 [main] INFO  org.apache.catalina.core.StandardService -Starting service [Tomcat]
2022-06-22 22:11:22.344 [main] INFO  org.apache.catalina.core.StandardEngine -Starting Servlet engine: [Apache Tomcat/9.0.60]
2022-06-22 22:11:22.405 [main] INFO  o.a.c.core.ContainerBase.[Tomcat].[localhost].[/] -Initializing Spring embedded WebApplicationContext
2022-06-22 22:11:22.405 [main] INFO  o.s.b.w.s.c.ServletWebServerApplicationContext -Root WebApplicationContext: initialization completed in 1092 ms
2022-06-22 22:11:22.745 [main] INFO  com.zaxxer.hikari.HikariDataSource -HikariPool-1 - Starting...
2022-06-22 22:11:22.951 [main] INFO  com.zaxxer.hikari.HikariDataSource -HikariPool-1 - Start completed.
2022-06-22 22:11:23.566 [main] INFO  o.s.b.actuate.endpoint.web.EndpointLinksResolver -Exposing 13 endpoint(s) beneath base path '/actuator'
2022-06-22 22:11:23.594 [main] INFO  org.apache.coyote.http11.Http11NioProtocol -Starting ProtocolHandler ["http-nio-9090"]
2022-06-22 22:11:23.610 [main] INFO  o.s.boot.web.embedded.tomcat.TomcatWebServer -Tomcat started on port(s): 9090 (http) with context path ''
2022-06-22 22:11:23.620 [main] INFO  com.example.mybatisplus.MybatisplusApplication -Started MybatisplusApplication in 2.729 seconds (JVM running for 4.748)
2022-06-22 22:11:23.843 [RMI TCP Connection(1)-192.168.123.102] INFO  o.a.c.core.ContainerBase.[Tomcat].[localhost].[/] -Initializing Spring DispatcherServlet 'dispatcherServlet'
2022-06-22 22:11:23.843 [RMI TCP Connection(1)-192.168.123.102] INFO  org.springframework.web.servlet.DispatcherServlet -Initializing Servlet 'dispatcherServlet'
2022-06-22 22:11:23.844 [RMI TCP Connection(1)-192.168.123.102] INFO  org.springframework.web.servlet.DispatcherServlet -Completed initialization in 1 ms
2022-06-22 22:12:32.190 [SpringApplicationShutdownHook] INFO  com.zaxxer.hikari.HikariDataSource -HikariPool-1 - Shutdown initiated...
2022-06-22 22:12:32.192 [SpringApplicationShutdownHook] INFO  com.zaxxer.hikari.HikariDataSource -HikariPool-1 - Shutdown completed.
