2022-07-03 15:03:45.157 [main] INFO  o.s.b.t.context.SpringBootTestContextBootstrapper -Neither @ContextConfiguration nor @ContextHierarchy found for test class [com.example.mybatisplus.test.DynamicTest], using SpringBootContextLoader
2022-07-03 15:03:45.161 [main] INFO  o.s.test.context.support.AbstractContextLoader -Could not detect default resource locations for test class [com.example.mybatisplus.test.DynamicTest]: no resource found for suffixes {-context.xml, Context.groovy}.
2022-07-03 15:03:45.162 [main] INFO  o.s.t.c.support.AnnotationConfigContextLoaderUtils -Could not detect default configuration classes for test class [com.example.mybatisplus.test.DynamicTest]: DynamicTest does not declare any static, non-private, non-final, nested classes annotated with @Configuration.
2022-07-03 15:03:45.242 [main] INFO  o.s.b.t.context.SpringBootTestContextBootstrapper -Found @SpringBootConfiguration com.example.mybatisplus.MybatisplusApplication for test class com.example.mybatisplus.test.DynamicTest
2022-07-03 15:03:45.311 [main] INFO  o.s.b.t.context.SpringBootTestContextBootstrapper -Loaded default TestExecutionListener class names from location [META-INF/spring.factories]: [org.springframework.boot.test.mock.mockito.MockitoTestExecutionListener, org.springframework.boot.test.mock.mockito.ResetMocksTestExecutionListener, org.springframework.boot.test.autoconfigure.restdocs.RestDocsTestExecutionListener, org.springframework.boot.test.autoconfigure.web.client.MockRestServiceServerResetTestExecutionListener, org.springframework.boot.test.autoconfigure.web.servlet.MockMvcPrintOnlyOnFailureTestExecutionListener, org.springframework.boot.test.autoconfigure.web.servlet.WebDriverTestExecutionListener, org.springframework.boot.test.autoconfigure.webservices.client.MockWebServiceServerTestExecutionListener, org.springframework.test.context.web.ServletTestExecutionListener, org.springframework.test.context.support.DirtiesContextBeforeModesTestExecutionListener, org.springframework.test.context.event.ApplicationEventsTestExecutionListener, org.springframework.test.context.support.DependencyInjectionTestExecutionListener, org.springframework.test.context.support.DirtiesContextTestExecutionListener, org.springframework.test.context.transaction.TransactionalTestExecutionListener, org.springframework.test.context.jdbc.SqlScriptsTestExecutionListener, org.springframework.test.context.event.EventPublishingTestExecutionListener]
2022-07-03 15:03:45.327 [main] INFO  o.s.b.t.context.SpringBootTestContextBootstrapper -Using TestExecutionListeners: [org.springframework.test.context.web.ServletTestExecutionListener@a82c5f1, org.springframework.test.context.support.DirtiesContextBeforeModesTestExecutionListener@7b7fdc8, org.springframework.test.context.event.ApplicationEventsTestExecutionListener@51c693d, org.springframework.boot.test.mock.mockito.MockitoTestExecutionListener@6a57ae10, org.springframework.boot.test.autoconfigure.SpringBootDependencyInjectionTestExecutionListener@766653e6, org.springframework.test.context.support.DirtiesContextTestExecutionListener@4e07b95f, org.springframework.test.context.transaction.TransactionalTestExecutionListener@28b46423, org.springframework.test.context.jdbc.SqlScriptsTestExecutionListener@7fc4780b, org.springframework.test.context.event.EventPublishingTestExecutionListener@3b79fd76, org.springframework.boot.test.mock.mockito.ResetMocksTestExecutionListener@48c76607, org.springframework.boot.test.autoconfigure.restdocs.RestDocsTestExecutionListener@43599640, org.springframework.boot.test.autoconfigure.web.client.MockRestServiceServerResetTestExecutionListener@1f81aa00, org.springframework.boot.test.autoconfigure.web.servlet.MockMvcPrintOnlyOnFailureTestExecutionListener@6b6776cb, org.springframework.boot.test.autoconfigure.web.servlet.WebDriverTestExecutionListener@1863d2fe, org.springframework.boot.test.autoconfigure.webservices.client.MockWebServiceServerTestExecutionListener@1787bc24]
2022-07-03 15:03:45.765 [main] INFO  c.c.f.f.i.provider.DefaultApplicationProvider -App ID is set to SampleApp by app.id property from System Property
2022-07-03 15:03:45.766 [main] INFO  c.c.f.f.internals.provider.DefaultServerProvider -Environment is set to null. Because it is not available in either (1) JVM system property 'env', (2) OS env variable 'ENV' nor (3) property 'env' from the properties InputStream.
2022-07-03 15:03:46.017 [main] INFO  com.example.mybatisplus.test.DynamicTest -Starting DynamicTest using Java 1.8.0_212 on WIN-QCICFLQ1597 with PID 8568 (started by Administrator in D:\code\spring-boot-mybatisplus-3.1.x-master)
2022-07-03 15:03:46.017 [main] INFO  com.example.mybatisplus.test.DynamicTest -No active profile set, falling back to 1 default profile: "default"
2022-07-03 15:03:46.667 [main] INFO  o.s.c.annotation.ConfigurationClassPostProcessor -Cannot enhance @Configuration bean definition 'com.ctrip.framework.apollo.spring.boot.ApolloAutoConfiguration' since its singleton instance has been created too early. The typical cause is a non-static @Bean method with a BeanDefinitionRegistryPostProcessor return type: Consider declaring such methods as 'static'.
2022-07-03 15:03:46.822 [main] INFO  o.s.c.s.PostProcessorRegistrationDelegate$BeanPostProcessorChecker -Bean 'com.dtp.starter.common.autoconfigure.BaseBeanAutoConfiguration' of type [com.dtp.starter.common.autoconfigure.BaseBeanAutoConfiguration$$EnhancerBySpringCGLIB$$cffec33a] is not eligible for getting processed by all BeanPostProcessors (for example: not eligible for auto-proxying)
2022-07-03 15:03:46.861 [main] INFO  o.s.c.s.PostProcessorRegistrationDelegate$BeanPostProcessorChecker -Bean 'dtpApplicationContextHolder' of type [com.dtp.common.ApplicationContextHolder] is not eligible for getting processed by all BeanPostProcessors (for example: not eligible for auto-proxying)
2022-07-03 15:03:47.019 [main] INFO  com.zaxxer.hikari.HikariDataSource -HikariPool-1 - Starting...
2022-07-03 15:03:47.553 [main] INFO  com.zaxxer.hikari.HikariDataSource -HikariPool-1 - Start completed.
2022-07-03 15:03:48.264 [main] INFO  com.dtp.core.support.DtpBannerPrinter -
|  __ \                            (_) |__   __|   
| |  | |_   _ _ __   __ _ _ __ ___  _  ___| |_ __  
| |  | | | | | '_ \ / _` | '_ ` _ \| |/ __| | '_ \ 
| |__| | |_| | | | | (_| | | | | | | | (__| | |_) |
|_____/ \__, |_| |_|\__,_|_| |_| |_|_|\___|_| .__/ 
         __/ |                              | |    
        |___/                               |_|    
 :: Dynamic Thread Pool :: 
2022-07-03 15:03:48.285 [main] INFO  com.dtp.starter.apollo.refresh.ApolloRefresher -DynamicTp refresher, add listener success, namespace: dynamic.yml
2022-07-03 15:03:48.617 [main] INFO  o.s.b.actuate.endpoint.web.EndpointLinksResolver -Exposing 14 endpoint(s) beneath base path '/actuator'
2022-07-03 15:03:48.652 [main] INFO  com.example.mybatisplus.test.DynamicTest -Started DynamicTest in 3.099 seconds (JVM running for 4.057)
2022-07-03 15:03:48.692 [main] INFO  com.dtp.core.DtpRegistry -DtpRegistry initialization end, remote dtpExecutors: [], local dtpExecutors: [], local commonExecutors: []
2022-07-03 15:03:48.754 [SpringApplicationShutdownHook] INFO  com.zaxxer.hikari.HikariDataSource -HikariPool-1 - Shutdown initiated...
2022-07-03 15:03:48.766 [SpringApplicationShutdownHook] INFO  com.zaxxer.hikari.HikariDataSource -HikariPool-1 - Shutdown completed.
2022-07-03 15:06:50.012 [main] INFO  o.s.b.t.context.SpringBootTestContextBootstrapper -Neither @ContextConfiguration nor @ContextHierarchy found for test class [com.example.mybatisplus.test.DynamicTest], using SpringBootContextLoader
2022-07-03 15:06:50.017 [main] INFO  o.s.test.context.support.AbstractContextLoader -Could not detect default resource locations for test class [com.example.mybatisplus.test.DynamicTest]: no resource found for suffixes {-context.xml, Context.groovy}.
2022-07-03 15:06:50.017 [main] INFO  o.s.t.c.support.AnnotationConfigContextLoaderUtils -Could not detect default configuration classes for test class [com.example.mybatisplus.test.DynamicTest]: DynamicTest does not declare any static, non-private, non-final, nested classes annotated with @Configuration.
2022-07-03 15:06:50.104 [main] INFO  o.s.b.t.context.SpringBootTestContextBootstrapper -Found @SpringBootConfiguration com.example.mybatisplus.MybatisplusApplication for test class com.example.mybatisplus.test.DynamicTest
2022-07-03 15:06:50.181 [main] INFO  o.s.b.t.context.SpringBootTestContextBootstrapper -Loaded default TestExecutionListener class names from location [META-INF/spring.factories]: [org.springframework.boot.test.mock.mockito.MockitoTestExecutionListener, org.springframework.boot.test.mock.mockito.ResetMocksTestExecutionListener, org.springframework.boot.test.autoconfigure.restdocs.RestDocsTestExecutionListener, org.springframework.boot.test.autoconfigure.web.client.MockRestServiceServerResetTestExecutionListener, org.springframework.boot.test.autoconfigure.web.servlet.MockMvcPrintOnlyOnFailureTestExecutionListener, org.springframework.boot.test.autoconfigure.web.servlet.WebDriverTestExecutionListener, org.springframework.boot.test.autoconfigure.webservices.client.MockWebServiceServerTestExecutionListener, org.springframework.test.context.web.ServletTestExecutionListener, org.springframework.test.context.support.DirtiesContextBeforeModesTestExecutionListener, org.springframework.test.context.event.ApplicationEventsTestExecutionListener, org.springframework.test.context.support.DependencyInjectionTestExecutionListener, org.springframework.test.context.support.DirtiesContextTestExecutionListener, org.springframework.test.context.transaction.TransactionalTestExecutionListener, org.springframework.test.context.jdbc.SqlScriptsTestExecutionListener, org.springframework.test.context.event.EventPublishingTestExecutionListener]
2022-07-03 15:06:50.195 [main] INFO  o.s.b.t.context.SpringBootTestContextBootstrapper -Using TestExecutionListeners: [org.springframework.test.context.web.ServletTestExecutionListener@24faea88, org.springframework.test.context.support.DirtiesContextBeforeModesTestExecutionListener@3a320ade, org.springframework.test.context.event.ApplicationEventsTestExecutionListener@64beebb7, org.springframework.boot.test.mock.mockito.MockitoTestExecutionListener@7813cb11, org.springframework.boot.test.autoconfigure.SpringBootDependencyInjectionTestExecutionListener@bcec031, org.springframework.test.context.support.DirtiesContextTestExecutionListener@21005f6c, org.springframework.test.context.transaction.TransactionalTestExecutionListener@32f0fba8, org.springframework.test.context.jdbc.SqlScriptsTestExecutionListener@545de5a4, org.springframework.test.context.event.EventPublishingTestExecutionListener@29ef6856, org.springframework.boot.test.mock.mockito.ResetMocksTestExecutionListener@ab7a938, org.springframework.boot.test.autoconfigure.restdocs.RestDocsTestExecutionListener@3faf2e7d, org.springframework.boot.test.autoconfigure.web.client.MockRestServiceServerResetTestExecutionListener@4648ce9, org.springframework.boot.test.autoconfigure.web.servlet.MockMvcPrintOnlyOnFailureTestExecutionListener@569bf9eb, org.springframework.boot.test.autoconfigure.web.servlet.WebDriverTestExecutionListener@61526469, org.springframework.boot.test.autoconfigure.webservices.client.MockWebServiceServerTestExecutionListener@274872f8]
2022-07-03 15:06:50.604 [main] INFO  c.c.f.f.i.provider.DefaultApplicationProvider -App ID is set to SampleApp by app.id property from System Property
2022-07-03 15:06:50.606 [main] INFO  c.c.f.f.internals.provider.DefaultServerProvider -Environment is set to null. Because it is not available in either (1) JVM system property 'env', (2) OS env variable 'ENV' nor (3) property 'env' from the properties InputStream.
2022-07-03 15:06:50.845 [main] INFO  com.example.mybatisplus.test.DynamicTest -Starting DynamicTest using Java 1.8.0_212 on WIN-QCICFLQ1597 with PID 12984 (started by Administrator in D:\code\spring-boot-mybatisplus-3.1.x-master)
2022-07-03 15:06:50.846 [main] INFO  com.example.mybatisplus.test.DynamicTest -No active profile set, falling back to 1 default profile: "default"
2022-07-03 15:06:51.473 [main] INFO  o.s.c.annotation.ConfigurationClassPostProcessor -Cannot enhance @Configuration bean definition 'com.ctrip.framework.apollo.spring.boot.ApolloAutoConfiguration' since its singleton instance has been created too early. The typical cause is a non-static @Bean method with a BeanDefinitionRegistryPostProcessor return type: Consider declaring such methods as 'static'.
2022-07-03 15:06:51.623 [main] INFO  o.s.c.s.PostProcessorRegistrationDelegate$BeanPostProcessorChecker -Bean 'com.dtp.starter.common.autoconfigure.BaseBeanAutoConfiguration' of type [com.dtp.starter.common.autoconfigure.BaseBeanAutoConfiguration$$EnhancerBySpringCGLIB$$9a870c10] is not eligible for getting processed by all BeanPostProcessors (for example: not eligible for auto-proxying)
2022-07-03 15:06:51.653 [main] INFO  o.s.c.s.PostProcessorRegistrationDelegate$BeanPostProcessorChecker -Bean 'dtpApplicationContextHolder' of type [com.dtp.common.ApplicationContextHolder] is not eligible for getting processed by all BeanPostProcessors (for example: not eligible for auto-proxying)
2022-07-03 15:06:51.795 [main] INFO  com.zaxxer.hikari.HikariDataSource -HikariPool-1 - Starting...
2022-07-03 15:06:52.290 [main] INFO  com.zaxxer.hikari.HikariDataSource -HikariPool-1 - Start completed.
2022-07-03 15:06:53.075 [main] INFO  com.dtp.core.support.DtpBannerPrinter -
|  __ \                            (_) |__   __|   
| |  | |_   _ _ __   __ _ _ __ ___  _  ___| |_ __  
| |  | | | | | '_ \ / _` | '_ ` _ \| |/ __| | '_ \ 
| |__| | |_| | | | | (_| | | | | | | | (__| | |_) |
|_____/ \__, |_| |_|\__,_|_| |_| |_|_|\___|_| .__/ 
         __/ |                              | |    
        |___/                               |_|    
 :: Dynamic Thread Pool :: 
2022-07-03 15:06:53.101 [main] INFO  com.dtp.starter.apollo.refresh.ApolloRefresher -DynamicTp refresher, add listener success, namespace: dynamic.yml
2022-07-03 15:06:53.542 [main] INFO  o.s.b.actuate.endpoint.web.EndpointLinksResolver -Exposing 14 endpoint(s) beneath base path '/actuator'
2022-07-03 15:06:53.586 [main] INFO  com.example.mybatisplus.test.DynamicTest -Started DynamicTest in 3.181 seconds (JVM running for 4.561)
2022-07-03 15:06:53.629 [main] INFO  com.dtp.core.DtpRegistry -DtpRegistry initialization end, remote dtpExecutors: [dtpExecutor1], local dtpExecutors: [], local commonExecutors: []
2022-07-03 15:06:53.783 [SpringApplicationShutdownHook] INFO  com.zaxxer.hikari.HikariDataSource -HikariPool-1 - Shutdown initiated...
2022-07-03 15:06:53.785 [SpringApplicationShutdownHook] INFO  com.zaxxer.hikari.HikariDataSource -HikariPool-1 - Shutdown completed.
2022-07-03 15:07:47.299 [main] INFO  o.s.b.t.context.SpringBootTestContextBootstrapper -Neither @ContextConfiguration nor @ContextHierarchy found for test class [com.example.mybatisplus.test.DynamicTest], using SpringBootContextLoader
2022-07-03 15:07:47.304 [main] INFO  o.s.test.context.support.AbstractContextLoader -Could not detect default resource locations for test class [com.example.mybatisplus.test.DynamicTest]: no resource found for suffixes {-context.xml, Context.groovy}.
2022-07-03 15:07:47.304 [main] INFO  o.s.t.c.support.AnnotationConfigContextLoaderUtils -Could not detect default configuration classes for test class [com.example.mybatisplus.test.DynamicTest]: DynamicTest does not declare any static, non-private, non-final, nested classes annotated with @Configuration.
2022-07-03 15:07:47.385 [main] INFO  o.s.b.t.context.SpringBootTestContextBootstrapper -Found @SpringBootConfiguration com.example.mybatisplus.MybatisplusApplication for test class com.example.mybatisplus.test.DynamicTest
2022-07-03 15:07:47.462 [main] INFO  o.s.b.t.context.SpringBootTestContextBootstrapper -Loaded default TestExecutionListener class names from location [META-INF/spring.factories]: [org.springframework.boot.test.mock.mockito.MockitoTestExecutionListener, org.springframework.boot.test.mock.mockito.ResetMocksTestExecutionListener, org.springframework.boot.test.autoconfigure.restdocs.RestDocsTestExecutionListener, org.springframework.boot.test.autoconfigure.web.client.MockRestServiceServerResetTestExecutionListener, org.springframework.boot.test.autoconfigure.web.servlet.MockMvcPrintOnlyOnFailureTestExecutionListener, org.springframework.boot.test.autoconfigure.web.servlet.WebDriverTestExecutionListener, org.springframework.boot.test.autoconfigure.webservices.client.MockWebServiceServerTestExecutionListener, org.springframework.test.context.web.ServletTestExecutionListener, org.springframework.test.context.support.DirtiesContextBeforeModesTestExecutionListener, org.springframework.test.context.event.ApplicationEventsTestExecutionListener, org.springframework.test.context.support.DependencyInjectionTestExecutionListener, org.springframework.test.context.support.DirtiesContextTestExecutionListener, org.springframework.test.context.transaction.TransactionalTestExecutionListener, org.springframework.test.context.jdbc.SqlScriptsTestExecutionListener, org.springframework.test.context.event.EventPublishingTestExecutionListener]
2022-07-03 15:07:47.476 [main] INFO  o.s.b.t.context.SpringBootTestContextBootstrapper -Using TestExecutionListeners: [org.springframework.test.context.web.ServletTestExecutionListener@45be7cd5, org.springframework.test.context.support.DirtiesContextBeforeModesTestExecutionListener@7651218e, org.springframework.test.context.event.ApplicationEventsTestExecutionListener@3185fa6b, org.springframework.boot.test.mock.mockito.MockitoTestExecutionListener@6d366c9b, org.springframework.boot.test.autoconfigure.SpringBootDependencyInjectionTestExecutionListener@5b58ed3c, org.springframework.test.context.support.DirtiesContextTestExecutionListener@24faea88, org.springframework.test.context.transaction.TransactionalTestExecutionListener@3a320ade, org.springframework.test.context.jdbc.SqlScriptsTestExecutionListener@64beebb7, org.springframework.test.context.event.EventPublishingTestExecutionListener@7813cb11, org.springframework.boot.test.mock.mockito.ResetMocksTestExecutionListener@bcec031, org.springframework.boot.test.autoconfigure.restdocs.RestDocsTestExecutionListener@21005f6c, org.springframework.boot.test.autoconfigure.web.client.MockRestServiceServerResetTestExecutionListener@32f0fba8, org.springframework.boot.test.autoconfigure.web.servlet.MockMvcPrintOnlyOnFailureTestExecutionListener@545de5a4, org.springframework.boot.test.autoconfigure.web.servlet.WebDriverTestExecutionListener@29ef6856, org.springframework.boot.test.autoconfigure.webservices.client.MockWebServiceServerTestExecutionListener@ab7a938]
2022-07-03 15:07:47.843 [main] INFO  c.c.f.f.i.provider.DefaultApplicationProvider -App ID is set to SampleApp by app.id property from System Property
2022-07-03 15:07:47.844 [main] INFO  c.c.f.f.internals.provider.DefaultServerProvider -Environment is set to null. Because it is not available in either (1) JVM system property 'env', (2) OS env variable 'ENV' nor (3) property 'env' from the properties InputStream.
2022-07-03 15:07:48.066 [main] INFO  com.example.mybatisplus.test.DynamicTest -Starting DynamicTest using Java 1.8.0_212 on WIN-QCICFLQ1597 with PID 1564 (started by Administrator in D:\code\spring-boot-mybatisplus-3.1.x-master)
2022-07-03 15:07:48.067 [main] INFO  com.example.mybatisplus.test.DynamicTest -No active profile set, falling back to 1 default profile: "default"
2022-07-03 15:07:48.717 [main] INFO  o.s.c.annotation.ConfigurationClassPostProcessor -Cannot enhance @Configuration bean definition 'com.ctrip.framework.apollo.spring.boot.ApolloAutoConfiguration' since its singleton instance has been created too early. The typical cause is a non-static @Bean method with a BeanDefinitionRegistryPostProcessor return type: Consider declaring such methods as 'static'.
2022-07-03 15:07:48.865 [main] INFO  o.s.c.s.PostProcessorRegistrationDelegate$BeanPostProcessorChecker -Bean 'com.dtp.starter.common.autoconfigure.BaseBeanAutoConfiguration' of type [com.dtp.starter.common.autoconfigure.BaseBeanAutoConfiguration$$EnhancerBySpringCGLIB$$c1609754] is not eligible for getting processed by all BeanPostProcessors (for example: not eligible for auto-proxying)
2022-07-03 15:07:48.898 [main] INFO  o.s.c.s.PostProcessorRegistrationDelegate$BeanPostProcessorChecker -Bean 'dtpApplicationContextHolder' of type [com.dtp.common.ApplicationContextHolder] is not eligible for getting processed by all BeanPostProcessors (for example: not eligible for auto-proxying)
2022-07-03 15:07:49.043 [main] INFO  com.zaxxer.hikari.HikariDataSource -HikariPool-1 - Starting...
2022-07-03 15:07:49.611 [main] INFO  com.zaxxer.hikari.HikariDataSource -HikariPool-1 - Start completed.
2022-07-03 15:07:50.372 [main] INFO  com.dtp.core.support.DtpBannerPrinter -
|  __ \                            (_) |__   __|   
| |  | |_   _ _ __   __ _ _ __ ___  _  ___| |_ __  
| |  | | | | | '_ \ / _` | '_ ` _ \| |/ __| | '_ \ 
| |__| | |_| | | | | (_| | | | | | | | (__| | |_) |
|_____/ \__, |_| |_|\__,_|_| |_| |_|_|\___|_| .__/ 
         __/ |                              | |    
        |___/                               |_|    
 :: Dynamic Thread Pool :: 
2022-07-03 15:07:50.395 [main] INFO  com.dtp.starter.apollo.refresh.ApolloRefresher -DynamicTp refresher, add listener success, namespace: dynamic.yml
2022-07-03 15:07:50.765 [main] INFO  o.s.b.actuate.endpoint.web.EndpointLinksResolver -Exposing 14 endpoint(s) beneath base path '/actuator'
2022-07-03 15:07:50.809 [main] INFO  com.example.mybatisplus.test.DynamicTest -Started DynamicTest in 3.154 seconds (JVM running for 4.159)
2022-07-03 15:07:50.854 [main] INFO  com.dtp.core.DtpRegistry -DtpRegistry initialization end, remote dtpExecutors: [dtpExecutor1], local dtpExecutors: [], local commonExecutors: []
2022-07-03 15:07:51.163 [SpringApplicationShutdownHook] INFO  com.zaxxer.hikari.HikariDataSource -HikariPool-1 - Shutdown initiated...
2022-07-03 15:07:51.165 [SpringApplicationShutdownHook] INFO  com.zaxxer.hikari.HikariDataSource -HikariPool-1 - Shutdown completed.
2022-07-03 15:08:56.278 [main] INFO  c.c.f.f.i.provider.DefaultApplicationProvider -App ID is set to SampleApp by app.id property from System Property
2022-07-03 15:08:56.281 [main] INFO  c.c.f.f.internals.provider.DefaultServerProvider -Environment is set to null. Because it is not available in either (1) JVM system property 'env', (2) OS env variable 'ENV' nor (3) property 'env' from the properties InputStream.
2022-07-03 15:08:56.451 [main] INFO  com.example.mybatisplus.MybatisplusApplication -Starting MybatisplusApplication using Java 1.8.0_212 on WIN-QCICFLQ1597 with PID 5344 (D:\code\spring-boot-mybatisplus-3.1.x-master\target\classes started by Administrator in D:\code\spring-boot-mybatisplus-3.1.x-master)
2022-07-03 15:08:56.452 [main] INFO  com.example.mybatisplus.MybatisplusApplication -No active profile set, falling back to 1 default profile: "default"
2022-07-03 15:08:56.960 [main] INFO  o.s.c.annotation.ConfigurationClassPostProcessor -Cannot enhance @Configuration bean definition 'com.ctrip.framework.apollo.spring.boot.ApolloAutoConfiguration' since its singleton instance has been created too early. The typical cause is a non-static @Bean method with a BeanDefinitionRegistryPostProcessor return type: Consider declaring such methods as 'static'.
2022-07-03 15:08:57.050 [main] INFO  o.s.c.s.PostProcessorRegistrationDelegate$BeanPostProcessorChecker -Bean 'com.dtp.starter.common.autoconfigure.BaseBeanAutoConfiguration' of type [com.dtp.starter.common.autoconfigure.BaseBeanAutoConfiguration$$EnhancerBySpringCGLIB$$b78bf438] is not eligible for getting processed by all BeanPostProcessors (for example: not eligible for auto-proxying)
2022-07-03 15:08:57.071 [main] INFO  o.s.c.s.PostProcessorRegistrationDelegate$BeanPostProcessorChecker -Bean 'dtpApplicationContextHolder' of type [com.dtp.common.ApplicationContextHolder] is not eligible for getting processed by all BeanPostProcessors (for example: not eligible for auto-proxying)
2022-07-03 15:08:57.230 [main] INFO  o.s.boot.web.embedded.tomcat.TomcatWebServer -Tomcat initialized with port(s): 9090 (http)
2022-07-03 15:08:57.236 [main] INFO  org.apache.coyote.http11.Http11NioProtocol -Initializing ProtocolHandler ["http-nio-9090"]
2022-07-03 15:08:57.237 [main] INFO  org.apache.catalina.core.StandardService -Starting service [Tomcat]
2022-07-03 15:08:57.237 [main] INFO  org.apache.catalina.core.StandardEngine -Starting Servlet engine: [Apache Tomcat/9.0.60]
2022-07-03 15:08:57.322 [main] INFO  o.a.c.core.ContainerBase.[Tomcat].[localhost].[/] -Initializing Spring embedded WebApplicationContext
2022-07-03 15:08:57.322 [main] INFO  o.s.b.w.s.c.ServletWebServerApplicationContext -Root WebApplicationContext: initialization completed in 847 ms
2022-07-03 15:08:57.478 [main] INFO  com.zaxxer.hikari.HikariDataSource -HikariPool-1 - Starting...
2022-07-03 15:08:57.799 [main] INFO  com.zaxxer.hikari.HikariDataSource -HikariPool-1 - Start completed.
2022-07-03 15:08:58.084 [main] INFO  com.dtp.core.support.DtpBannerPrinter -
|  __ \                            (_) |__   __|   
| |  | |_   _ _ __   __ _ _ __ ___  _  ___| |_ __  
| |  | | | | | '_ \ / _` | '_ ` _ \| |/ __| | '_ \ 
| |__| | |_| | | | | (_| | | | | | | | (__| | |_) |
|_____/ \__, |_| |_|\__,_|_| |_| |_|_|\___|_| .__/ 
         __/ |                              | |    
        |___/                               |_|    
[32m :: Dynamic Thread Pool :: [39;2;0;39m
2022-07-03 15:08:58.097 [main] INFO  com.dtp.starter.apollo.refresh.ApolloRefresher -DynamicTp refresher, add listener success, namespace: dynamic.yml
2022-07-03 15:08:58.274 [main] INFO  o.s.b.actuate.endpoint.web.EndpointLinksResolver -Exposing 14 endpoint(s) beneath base path '/actuator'
2022-07-03 15:08:58.297 [main] INFO  org.apache.coyote.http11.Http11NioProtocol -Starting ProtocolHandler ["http-nio-9090"]
2022-07-03 15:08:58.310 [main] INFO  o.s.boot.web.embedded.tomcat.TomcatWebServer -Tomcat started on port(s): 9090 (http) with context path ''
2022-07-03 15:08:58.320 [main] INFO  com.example.mybatisplus.MybatisplusApplication -Started MybatisplusApplication in 2.303 seconds (JVM running for 3.025)
2022-07-03 15:08:58.339 [main] INFO  com.dtp.core.DtpRegistry -DtpRegistry initialization end, remote dtpExecutors: [dtpExecutor1], local dtpExecutors: [], local commonExecutors: []
2022-07-03 15:08:58.734 [RMI TCP Connection(3)-192.168.123.102] INFO  o.a.c.core.ContainerBase.[Tomcat].[localhost].[/] -Initializing Spring DispatcherServlet 'dispatcherServlet'
2022-07-03 15:08:58.734 [RMI TCP Connection(3)-192.168.123.102] INFO  org.springframework.web.servlet.DispatcherServlet -Initializing Servlet 'dispatcherServlet'
2022-07-03 15:08:58.735 [RMI TCP Connection(3)-192.168.123.102] INFO  org.springframework.web.servlet.DispatcherServlet -Completed initialization in 1 ms
2022-07-03 15:09:05.246 [SpringApplicationShutdownHook] INFO  com.zaxxer.hikari.HikariDataSource -HikariPool-1 - Shutdown initiated...
2022-07-03 15:09:05.248 [SpringApplicationShutdownHook] INFO  com.zaxxer.hikari.HikariDataSource -HikariPool-1 - Shutdown completed.
2022-07-03 15:09:13.026 [main] INFO  o.s.b.t.context.SpringBootTestContextBootstrapper -Neither @ContextConfiguration nor @ContextHierarchy found for test class [com.example.mybatisplus.test.DynamicTest], using SpringBootContextLoader
2022-07-03 15:09:13.030 [main] INFO  o.s.test.context.support.AbstractContextLoader -Could not detect default resource locations for test class [com.example.mybatisplus.test.DynamicTest]: no resource found for suffixes {-context.xml, Context.groovy}.
2022-07-03 15:09:13.031 [main] INFO  o.s.t.c.support.AnnotationConfigContextLoaderUtils -Could not detect default configuration classes for test class [com.example.mybatisplus.test.DynamicTest]: DynamicTest does not declare any static, non-private, non-final, nested classes annotated with @Configuration.
2022-07-03 15:09:13.110 [main] INFO  o.s.b.t.context.SpringBootTestContextBootstrapper -Found @SpringBootConfiguration com.example.mybatisplus.MybatisplusApplication for test class com.example.mybatisplus.test.DynamicTest
2022-07-03 15:09:13.172 [main] INFO  o.s.b.t.context.SpringBootTestContextBootstrapper -Loaded default TestExecutionListener class names from location [META-INF/spring.factories]: [org.springframework.boot.test.mock.mockito.MockitoTestExecutionListener, org.springframework.boot.test.mock.mockito.ResetMocksTestExecutionListener, org.springframework.boot.test.autoconfigure.restdocs.RestDocsTestExecutionListener, org.springframework.boot.test.autoconfigure.web.client.MockRestServiceServerResetTestExecutionListener, org.springframework.boot.test.autoconfigure.web.servlet.MockMvcPrintOnlyOnFailureTestExecutionListener, org.springframework.boot.test.autoconfigure.web.servlet.WebDriverTestExecutionListener, org.springframework.boot.test.autoconfigure.webservices.client.MockWebServiceServerTestExecutionListener, org.springframework.test.context.web.ServletTestExecutionListener, org.springframework.test.context.support.DirtiesContextBeforeModesTestExecutionListener, org.springframework.test.context.event.ApplicationEventsTestExecutionListener, org.springframework.test.context.support.DependencyInjectionTestExecutionListener, org.springframework.test.context.support.DirtiesContextTestExecutionListener, org.springframework.test.context.transaction.TransactionalTestExecutionListener, org.springframework.test.context.jdbc.SqlScriptsTestExecutionListener, org.springframework.test.context.event.EventPublishingTestExecutionListener]
2022-07-03 15:09:13.184 [main] INFO  o.s.b.t.context.SpringBootTestContextBootstrapper -Using TestExecutionListeners: [org.springframework.test.context.web.ServletTestExecutionListener@5d99c6b5, org.springframework.test.context.support.DirtiesContextBeforeModesTestExecutionListener@266374ef, org.springframework.test.context.event.ApplicationEventsTestExecutionListener@13b3d178, org.springframework.boot.test.mock.mockito.MockitoTestExecutionListener@24c4ddae, org.springframework.boot.test.autoconfigure.SpringBootDependencyInjectionTestExecutionListener@37fb0bed, org.springframework.test.context.support.DirtiesContextTestExecutionListener@a82c5f1, org.springframework.test.context.transaction.TransactionalTestExecutionListener@7b7fdc8, org.springframework.test.context.jdbc.SqlScriptsTestExecutionListener@51c693d, org.springframework.test.context.event.EventPublishingTestExecutionListener@6a57ae10, org.springframework.boot.test.mock.mockito.ResetMocksTestExecutionListener@766653e6, org.springframework.boot.test.autoconfigure.restdocs.RestDocsTestExecutionListener@4e07b95f, org.springframework.boot.test.autoconfigure.web.client.MockRestServiceServerResetTestExecutionListener@28b46423, org.springframework.boot.test.autoconfigure.web.servlet.MockMvcPrintOnlyOnFailureTestExecutionListener@7fc4780b, org.springframework.boot.test.autoconfigure.web.servlet.WebDriverTestExecutionListener@3b79fd76, org.springframework.boot.test.autoconfigure.webservices.client.MockWebServiceServerTestExecutionListener@48c76607]
2022-07-03 15:09:13.519 [main] INFO  c.c.f.f.i.provider.DefaultApplicationProvider -App ID is set to SampleApp by app.id property from System Property
2022-07-03 15:09:13.520 [main] INFO  c.c.f.f.internals.provider.DefaultServerProvider -Environment is set to null. Because it is not available in either (1) JVM system property 'env', (2) OS env variable 'ENV' nor (3) property 'env' from the properties InputStream.
2022-07-03 15:09:13.738 [main] INFO  com.example.mybatisplus.test.DynamicTest -Starting DynamicTest using Java 1.8.0_212 on WIN-QCICFLQ1597 with PID 3052 (started by Administrator in D:\code\spring-boot-mybatisplus-3.1.x-master)
2022-07-03 15:09:13.739 [main] INFO  com.example.mybatisplus.test.DynamicTest -No active profile set, falling back to 1 default profile: "default"
2022-07-03 15:09:14.293 [main] INFO  o.s.c.annotation.ConfigurationClassPostProcessor -Cannot enhance @Configuration bean definition 'com.ctrip.framework.apollo.spring.boot.ApolloAutoConfiguration' since its singleton instance has been created too early. The typical cause is a non-static @Bean method with a BeanDefinitionRegistryPostProcessor return type: Consider declaring such methods as 'static'.
2022-07-03 15:09:14.421 [main] INFO  o.s.c.s.PostProcessorRegistrationDelegate$BeanPostProcessorChecker -Bean 'com.dtp.starter.common.autoconfigure.BaseBeanAutoConfiguration' of type [com.dtp.starter.common.autoconfigure.BaseBeanAutoConfiguration$$EnhancerBySpringCGLIB$$5c0803ef] is not eligible for getting processed by all BeanPostProcessors (for example: not eligible for auto-proxying)
2022-07-03 15:09:14.447 [main] INFO  o.s.c.s.PostProcessorRegistrationDelegate$BeanPostProcessorChecker -Bean 'dtpApplicationContextHolder' of type [com.dtp.common.ApplicationContextHolder] is not eligible for getting processed by all BeanPostProcessors (for example: not eligible for auto-proxying)
2022-07-03 15:09:14.564 [main] INFO  com.zaxxer.hikari.HikariDataSource -HikariPool-1 - Starting...
2022-07-03 15:09:15.027 [main] INFO  com.zaxxer.hikari.HikariDataSource -HikariPool-1 - Start completed.
2022-07-03 15:09:15.772 [main] INFO  com.dtp.core.support.DtpBannerPrinter -
|  __ \                            (_) |__   __|   
| |  | |_   _ _ __   __ _ _ __ ___  _  ___| |_ __  
| |  | | | | | '_ \ / _` | '_ ` _ \| |/ __| | '_ \ 
| |__| | |_| | | | | (_| | | | | | | | (__| | |_) |
|_____/ \__, |_| |_|\__,_|_| |_| |_|_|\___|_| .__/ 
         __/ |                              | |    
        |___/                               |_|    
 :: Dynamic Thread Pool :: 
2022-07-03 15:09:15.802 [main] INFO  com.dtp.starter.apollo.refresh.ApolloRefresher -DynamicTp refresher, add listener success, namespace: dynamic.yml
2022-07-03 15:09:16.168 [main] INFO  o.s.b.actuate.endpoint.web.EndpointLinksResolver -Exposing 14 endpoint(s) beneath base path '/actuator'
2022-07-03 15:09:16.204 [main] INFO  com.example.mybatisplus.test.DynamicTest -Started DynamicTest in 2.854 seconds (JVM running for 3.689)
2022-07-03 15:09:16.245 [main] INFO  com.dtp.core.DtpRegistry -DtpRegistry initialization end, remote dtpExecutors: [dtpExecutor1], local dtpExecutors: [], local commonExecutors: []
2022-07-03 15:09:16.490 [SpringApplicationShutdownHook] INFO  com.zaxxer.hikari.HikariDataSource -HikariPool-1 - Shutdown initiated...
2022-07-03 15:09:16.492 [SpringApplicationShutdownHook] INFO  com.zaxxer.hikari.HikariDataSource -HikariPool-1 - Shutdown completed.
2022-07-03 15:10:19.368 [main] INFO  o.s.b.t.context.SpringBootTestContextBootstrapper -Neither @ContextConfiguration nor @ContextHierarchy found for test class [com.example.mybatisplus.test.DynamicTest], using SpringBootContextLoader
2022-07-03 15:10:19.372 [main] INFO  o.s.test.context.support.AbstractContextLoader -Could not detect default resource locations for test class [com.example.mybatisplus.test.DynamicTest]: no resource found for suffixes {-context.xml, Context.groovy}.
2022-07-03 15:10:19.372 [main] INFO  o.s.t.c.support.AnnotationConfigContextLoaderUtils -Could not detect default configuration classes for test class [com.example.mybatisplus.test.DynamicTest]: DynamicTest does not declare any static, non-private, non-final, nested classes annotated with @Configuration.
2022-07-03 15:10:19.448 [main] INFO  o.s.b.t.context.SpringBootTestContextBootstrapper -Found @SpringBootConfiguration com.example.mybatisplus.MybatisplusApplication for test class com.example.mybatisplus.test.DynamicTest
2022-07-03 15:10:19.512 [main] INFO  o.s.b.t.context.SpringBootTestContextBootstrapper -Loaded default TestExecutionListener class names from location [META-INF/spring.factories]: [org.springframework.boot.test.mock.mockito.MockitoTestExecutionListener, org.springframework.boot.test.mock.mockito.ResetMocksTestExecutionListener, org.springframework.boot.test.autoconfigure.restdocs.RestDocsTestExecutionListener, org.springframework.boot.test.autoconfigure.web.client.MockRestServiceServerResetTestExecutionListener, org.springframework.boot.test.autoconfigure.web.servlet.MockMvcPrintOnlyOnFailureTestExecutionListener, org.springframework.boot.test.autoconfigure.web.servlet.WebDriverTestExecutionListener, org.springframework.boot.test.autoconfigure.webservices.client.MockWebServiceServerTestExecutionListener, org.springframework.test.context.web.ServletTestExecutionListener, org.springframework.test.context.support.DirtiesContextBeforeModesTestExecutionListener, org.springframework.test.context.event.ApplicationEventsTestExecutionListener, org.springframework.test.context.support.DependencyInjectionTestExecutionListener, org.springframework.test.context.support.DirtiesContextTestExecutionListener, org.springframework.test.context.transaction.TransactionalTestExecutionListener, org.springframework.test.context.jdbc.SqlScriptsTestExecutionListener, org.springframework.test.context.event.EventPublishingTestExecutionListener]
2022-07-03 15:10:19.526 [main] INFO  o.s.b.t.context.SpringBootTestContextBootstrapper -Using TestExecutionListeners: [org.springframework.test.context.web.ServletTestExecutionListener@1863d2fe, org.springframework.test.context.support.DirtiesContextBeforeModesTestExecutionListener@1787bc24, org.springframework.test.context.event.ApplicationEventsTestExecutionListener@544d57e, org.springframework.boot.test.mock.mockito.MockitoTestExecutionListener@55c53a33, org.springframework.boot.test.autoconfigure.SpringBootDependencyInjectionTestExecutionListener@53b7f657, org.springframework.test.context.support.DirtiesContextTestExecutionListener@797b0699, org.springframework.test.context.transaction.TransactionalTestExecutionListener@5a37d3ed, org.springframework.test.context.jdbc.SqlScriptsTestExecutionListener@26df6e3a, org.springframework.test.context.event.EventPublishingTestExecutionListener@4a3631f8, org.springframework.boot.test.mock.mockito.ResetMocksTestExecutionListener@6b58b9e9, org.springframework.boot.test.autoconfigure.restdocs.RestDocsTestExecutionListener@f14a7d4, org.springframework.boot.test.autoconfigure.web.client.MockRestServiceServerResetTestExecutionListener@52e7a6b2, org.springframework.boot.test.autoconfigure.web.servlet.MockMvcPrintOnlyOnFailureTestExecutionListener@29a5f4e7, org.springframework.boot.test.autoconfigure.web.servlet.WebDriverTestExecutionListener@79c97cb, org.springframework.boot.test.autoconfigure.webservices.client.MockWebServiceServerTestExecutionListener@2d9caaeb]
2022-07-03 15:10:19.870 [main] INFO  c.c.f.f.i.provider.DefaultApplicationProvider -App ID is set to SampleApp by app.id property from System Property
2022-07-03 15:10:19.871 [main] INFO  c.c.f.f.internals.provider.DefaultServerProvider -Environment is set to null. Because it is not available in either (1) JVM system property 'env', (2) OS env variable 'ENV' nor (3) property 'env' from the properties InputStream.
2022-07-03 15:10:20.079 [main] INFO  com.example.mybatisplus.test.DynamicTest -Starting DynamicTest using Java 1.8.0_212 on WIN-QCICFLQ1597 with PID 8008 (started by Administrator in D:\code\spring-boot-mybatisplus-3.1.x-master)
2022-07-03 15:10:20.080 [main] INFO  com.example.mybatisplus.test.DynamicTest -No active profile set, falling back to 1 default profile: "default"
2022-07-03 15:10:20.618 [main] INFO  o.s.c.annotation.ConfigurationClassPostProcessor -Cannot enhance @Configuration bean definition 'com.ctrip.framework.apollo.spring.boot.ApolloAutoConfiguration' since its singleton instance has been created too early. The typical cause is a non-static @Bean method with a BeanDefinitionRegistryPostProcessor return type: Consider declaring such methods as 'static'.
2022-07-03 15:10:20.763 [main] INFO  o.s.c.s.PostProcessorRegistrationDelegate$BeanPostProcessorChecker -Bean 'com.dtp.starter.common.autoconfigure.BaseBeanAutoConfiguration' of type [com.dtp.starter.common.autoconfigure.BaseBeanAutoConfiguration$$EnhancerBySpringCGLIB$$de8d9ca3] is not eligible for getting processed by all BeanPostProcessors (for example: not eligible for auto-proxying)
2022-07-03 15:10:20.794 [main] INFO  o.s.c.s.PostProcessorRegistrationDelegate$BeanPostProcessorChecker -Bean 'dtpApplicationContextHolder' of type [com.dtp.common.ApplicationContextHolder] is not eligible for getting processed by all BeanPostProcessors (for example: not eligible for auto-proxying)
2022-07-03 15:10:20.916 [main] INFO  com.zaxxer.hikari.HikariDataSource -HikariPool-1 - Starting...
2022-07-03 15:10:21.403 [main] INFO  com.zaxxer.hikari.HikariDataSource -HikariPool-1 - Start completed.
2022-07-03 15:10:21.744 [main] INFO  com.dtp.core.DtpRegistry -DynamicTp register commonExecutor, source: beanPostProcessor, name: commonExecutor
2022-07-03 15:10:21.752 [main] INFO  com.dtp.core.DtpRegistry -DynamicTp register dtpExecutor, source: beanPostProcessor, executor: DtpMainProp(threadPoolName=dtpExecutor1, corePoolSize=1, maxPoolSize=12, keepAliveTime=30, queueType=VariableLinkedBlockingQueue, queueCapacity=1024, rejectType=AbortPolicy, allowCoreThreadTimeOut=false)
2022-07-03 15:10:21.758 [main] INFO  com.dtp.core.DtpRegistry -DynamicTp register dtpExecutor, source: beanPostProcessor, executor: DtpMainProp(threadPoolName=ioIntensiveExecutor, corePoolSize=20, maxPoolSize=50, keepAliveTime=30, queueType=TaskQueue, queueCapacity=2048, rejectType=AbortPolicy, allowCoreThreadTimeOut=false)
2022-07-03 15:10:21.759 [main] INFO  com.dtp.core.DtpRegistry -DynamicTp register dtpExecutor, source: beanPostProcessor, executor: DtpMainProp(threadPoolName=dtpExecutor2, corePoolSize=10, maxPoolSize=15, keepAliveTime=0, queueType=SynchronousQueue, queueCapacity=0, rejectType=AbortPolicy, allowCoreThreadTimeOut=false)
2022-07-03 15:10:22.108 [main] INFO  com.dtp.core.support.DtpBannerPrinter -
|  __ \                            (_) |__   __|   
| |  | |_   _ _ __   __ _ _ __ ___  _  ___| |_ __  
| |  | | | | | '_ \ / _` | '_ ` _ \| |/ __| | '_ \ 
| |__| | |_| | | | | (_| | | | | | | | (__| | |_) |
|_____/ \__, |_| |_|\__,_|_| |_| |_|_|\___|_| .__/ 
         __/ |                              | |    
        |___/                               |_|    
 :: Dynamic Thread Pool :: 
2022-07-03 15:10:22.121 [main] INFO  com.dtp.starter.apollo.refresh.ApolloRefresher -DynamicTp refresher, add listener success, namespace: dynamic.yml
2022-07-03 15:10:22.455 [main] INFO  o.s.b.actuate.endpoint.web.EndpointLinksResolver -Exposing 14 endpoint(s) beneath base path '/actuator'
2022-07-03 15:10:22.492 [main] INFO  com.example.mybatisplus.test.DynamicTest -Started DynamicTest in 2.794 seconds (JVM running for 3.653)
2022-07-03 15:10:22.528 [main] INFO  com.dtp.core.DtpRegistry -DtpRegistry initialization end, remote dtpExecutors: [dtpExecutor1], local dtpExecutors: [ioIntensiveExecutor, dtpExecutor2], local commonExecutors: [commonExecutor]
2022-07-03 15:10:22.770 [SpringApplicationShutdownHook] INFO  com.dtp.core.spring.DtpLifecycleSupport -Shutting down ExecutorService, poolName: dtpExecutor2
2022-07-03 15:10:22.770 [SpringApplicationShutdownHook] INFO  com.dtp.core.spring.DtpLifecycleSupport -Shutting down ExecutorService, poolName: ioIntensiveExecutor
2022-07-03 15:10:22.771 [SpringApplicationShutdownHook] INFO  com.dtp.core.spring.DtpLifecycleSupport -Shutting down ExecutorService, poolName: dtpExecutor1
2022-07-03 15:10:22.772 [SpringApplicationShutdownHook] INFO  com.zaxxer.hikari.HikariDataSource -HikariPool-1 - Shutdown initiated...
2022-07-03 15:10:22.774 [SpringApplicationShutdownHook] INFO  com.zaxxer.hikari.HikariDataSource -HikariPool-1 - Shutdown completed.
2022-07-03 15:12:25.867 [main] INFO  o.s.b.t.context.SpringBootTestContextBootstrapper -Neither @ContextConfiguration nor @ContextHierarchy found for test class [com.example.mybatisplus.test.DynamicTest], using SpringBootContextLoader
2022-07-03 15:12:25.871 [main] INFO  o.s.test.context.support.AbstractContextLoader -Could not detect default resource locations for test class [com.example.mybatisplus.test.DynamicTest]: no resource found for suffixes {-context.xml, Context.groovy}.
2022-07-03 15:12:25.872 [main] INFO  o.s.t.c.support.AnnotationConfigContextLoaderUtils -Could not detect default configuration classes for test class [com.example.mybatisplus.test.DynamicTest]: DynamicTest does not declare any static, non-private, non-final, nested classes annotated with @Configuration.
2022-07-03 15:12:25.954 [main] INFO  o.s.b.t.context.SpringBootTestContextBootstrapper -Found @SpringBootConfiguration com.example.mybatisplus.MybatisplusApplication for test class com.example.mybatisplus.test.DynamicTest
2022-07-03 15:12:26.020 [main] INFO  o.s.b.t.context.SpringBootTestContextBootstrapper -Loaded default TestExecutionListener class names from location [META-INF/spring.factories]: [org.springframework.boot.test.mock.mockito.MockitoTestExecutionListener, org.springframework.boot.test.mock.mockito.ResetMocksTestExecutionListener, org.springframework.boot.test.autoconfigure.restdocs.RestDocsTestExecutionListener, org.springframework.boot.test.autoconfigure.web.client.MockRestServiceServerResetTestExecutionListener, org.springframework.boot.test.autoconfigure.web.servlet.MockMvcPrintOnlyOnFailureTestExecutionListener, org.springframework.boot.test.autoconfigure.web.servlet.WebDriverTestExecutionListener, org.springframework.boot.test.autoconfigure.webservices.client.MockWebServiceServerTestExecutionListener, org.springframework.test.context.web.ServletTestExecutionListener, org.springframework.test.context.support.DirtiesContextBeforeModesTestExecutionListener, org.springframework.test.context.event.ApplicationEventsTestExecutionListener, org.springframework.test.context.support.DependencyInjectionTestExecutionListener, org.springframework.test.context.support.DirtiesContextTestExecutionListener, org.springframework.test.context.transaction.TransactionalTestExecutionListener, org.springframework.test.context.jdbc.SqlScriptsTestExecutionListener, org.springframework.test.context.event.EventPublishingTestExecutionListener]
2022-07-03 15:12:26.032 [main] INFO  o.s.b.t.context.SpringBootTestContextBootstrapper -Using TestExecutionListeners: [org.springframework.test.context.web.ServletTestExecutionListener@1787bc24, org.springframework.test.context.support.DirtiesContextBeforeModesTestExecutionListener@544d57e, org.springframework.test.context.event.ApplicationEventsTestExecutionListener@55c53a33, org.springframework.boot.test.mock.mockito.MockitoTestExecutionListener@53b7f657, org.springframework.boot.test.autoconfigure.SpringBootDependencyInjectionTestExecutionListener@797b0699, org.springframework.test.context.support.DirtiesContextTestExecutionListener@5a37d3ed, org.springframework.test.context.transaction.TransactionalTestExecutionListener@26df6e3a, org.springframework.test.context.jdbc.SqlScriptsTestExecutionListener@4a3631f8, org.springframework.test.context.event.EventPublishingTestExecutionListener@6b58b9e9, org.springframework.boot.test.mock.mockito.ResetMocksTestExecutionListener@f14a7d4, org.springframework.boot.test.autoconfigure.restdocs.RestDocsTestExecutionListener@52e7a6b2, org.springframework.boot.test.autoconfigure.web.client.MockRestServiceServerResetTestExecutionListener@29a5f4e7, org.springframework.boot.test.autoconfigure.web.servlet.MockMvcPrintOnlyOnFailureTestExecutionListener@79c97cb, org.springframework.boot.test.autoconfigure.web.servlet.WebDriverTestExecutionListener@2d9caaeb, org.springframework.boot.test.autoconfigure.webservices.client.MockWebServiceServerTestExecutionListener@42a15bdc]
2022-07-03 15:12:26.362 [main] INFO  c.c.f.f.i.provider.DefaultApplicationProvider -App ID is set to SampleApp by app.id property from System Property
2022-07-03 15:12:26.364 [main] INFO  c.c.f.f.internals.provider.DefaultServerProvider -Environment is set to null. Because it is not available in either (1) JVM system property 'env', (2) OS env variable 'ENV' nor (3) property 'env' from the properties InputStream.
2022-07-03 15:12:26.575 [main] INFO  com.example.mybatisplus.test.DynamicTest -Starting DynamicTest using Java 1.8.0_212 on WIN-QCICFLQ1597 with PID 13932 (started by Administrator in D:\code\spring-boot-mybatisplus-3.1.x-master)
2022-07-03 15:12:26.576 [main] INFO  com.example.mybatisplus.test.DynamicTest -No active profile set, falling back to 1 default profile: "default"
2022-07-03 15:12:27.125 [main] INFO  o.s.c.annotation.ConfigurationClassPostProcessor -Cannot enhance @Configuration bean definition 'com.ctrip.framework.apollo.spring.boot.ApolloAutoConfiguration' since its singleton instance has been created too early. The typical cause is a non-static @Bean method with a BeanDefinitionRegistryPostProcessor return type: Consider declaring such methods as 'static'.
2022-07-03 15:12:27.276 [main] INFO  o.s.c.s.PostProcessorRegistrationDelegate$BeanPostProcessorChecker -Bean 'com.dtp.starter.common.autoconfigure.BaseBeanAutoConfiguration' of type [com.dtp.starter.common.autoconfigure.BaseBeanAutoConfiguration$$EnhancerBySpringCGLIB$$f8ec4441] is not eligible for getting processed by all BeanPostProcessors (for example: not eligible for auto-proxying)
2022-07-03 15:12:27.305 [main] INFO  o.s.c.s.PostProcessorRegistrationDelegate$BeanPostProcessorChecker -Bean 'dtpApplicationContextHolder' of type [com.dtp.common.ApplicationContextHolder] is not eligible for getting processed by all BeanPostProcessors (for example: not eligible for auto-proxying)
2022-07-03 15:12:27.433 [main] INFO  com.zaxxer.hikari.HikariDataSource -HikariPool-1 - Starting...
2022-07-03 15:12:27.958 [main] INFO  com.zaxxer.hikari.HikariDataSource -HikariPool-1 - Start completed.
2022-07-03 15:12:28.297 [main] INFO  com.dtp.core.DtpRegistry -DynamicTp register commonExecutor, source: beanPostProcessor, name: commonExecutor
2022-07-03 15:12:28.302 [main] INFO  com.dtp.core.DtpRegistry -DynamicTp register dtpExecutor, source: beanPostProcessor, executor: DtpMainProp(threadPoolName=dtpExecutor1, corePoolSize=1, maxPoolSize=12, keepAliveTime=30, queueType=VariableLinkedBlockingQueue, queueCapacity=1024, rejectType=AbortPolicy, allowCoreThreadTimeOut=false)
2022-07-03 15:12:28.306 [main] INFO  com.dtp.core.DtpRegistry -DynamicTp register dtpExecutor, source: beanPostProcessor, executor: DtpMainProp(threadPoolName=ioIntensiveExecutor, corePoolSize=20, maxPoolSize=50, keepAliveTime=30, queueType=TaskQueue, queueCapacity=2048, rejectType=AbortPolicy, allowCoreThreadTimeOut=false)
2022-07-03 15:12:28.307 [main] INFO  com.dtp.core.DtpRegistry -DynamicTp register dtpExecutor, source: beanPostProcessor, executor: DtpMainProp(threadPoolName=dtpExecutor2, corePoolSize=10, maxPoolSize=15, keepAliveTime=0, queueType=SynchronousQueue, queueCapacity=0, rejectType=AbortPolicy, allowCoreThreadTimeOut=false)
2022-07-03 15:12:28.656 [main] INFO  com.dtp.core.support.DtpBannerPrinter -
|  __ \                            (_) |__   __|   
| |  | |_   _ _ __   __ _ _ __ ___  _  ___| |_ __  
| |  | | | | | '_ \ / _` | '_ ` _ \| |/ __| | '_ \ 
| |__| | |_| | | | | (_| | | | | | | | (__| | |_) |
|_____/ \__, |_| |_|\__,_|_| |_| |_|_|\___|_| .__/ 
         __/ |                              | |    
        |___/                               |_|    
 :: Dynamic Thread Pool :: 
2022-07-03 15:12:28.669 [main] INFO  com.dtp.starter.apollo.refresh.ApolloRefresher -DynamicTp refresher, add listener success, namespace: dynamic.yml
2022-07-03 15:12:28.979 [main] INFO  o.s.b.actuate.endpoint.web.EndpointLinksResolver -Exposing 14 endpoint(s) beneath base path '/actuator'
2022-07-03 15:12:29.014 [main] INFO  com.example.mybatisplus.test.DynamicTest -Started DynamicTest in 2.823 seconds (JVM running for 3.654)
2022-07-03 15:12:29.051 [main] INFO  com.dtp.core.DtpRegistry -DtpRegistry initialization end, remote dtpExecutors: [dtpExecutor1], local dtpExecutors: [ioIntensiveExecutor, dtpExecutor2], local commonExecutors: [commonExecutor]
2022-07-03 15:12:29.287 [SpringApplicationShutdownHook] INFO  com.dtp.core.spring.DtpLifecycleSupport -Shutting down ExecutorService, poolName: dtpExecutor2
2022-07-03 15:12:29.288 [SpringApplicationShutdownHook] INFO  com.dtp.core.spring.DtpLifecycleSupport -Shutting down ExecutorService, poolName: ioIntensiveExecutor
2022-07-03 15:12:29.288 [SpringApplicationShutdownHook] INFO  com.dtp.core.spring.DtpLifecycleSupport -Shutting down ExecutorService, poolName: dtpExecutor1
2022-07-03 15:12:29.288 [dtpExecutor1-1] INFO  com.example.mybatisplus.test.DynamicTest -i am dynamic-tp-test-2 task
2022-07-03 15:12:29.289 [SpringApplicationShutdownHook] INFO  com.zaxxer.hikari.HikariDataSource -HikariPool-1 - Shutdown initiated...
2022-07-03 15:12:29.325 [SpringApplicationShutdownHook] INFO  com.zaxxer.hikari.HikariDataSource -HikariPool-1 - Shutdown completed.
2022-07-03 15:13:11.969 [main] INFO  o.s.b.t.context.SpringBootTestContextBootstrapper -Neither @ContextConfiguration nor @ContextHierarchy found for test class [com.example.mybatisplus.test.DynamicTest], using SpringBootContextLoader
2022-07-03 15:13:11.973 [main] INFO  o.s.test.context.support.AbstractContextLoader -Could not detect default resource locations for test class [com.example.mybatisplus.test.DynamicTest]: no resource found for suffixes {-context.xml, Context.groovy}.
2022-07-03 15:13:11.974 [main] INFO  o.s.t.c.support.AnnotationConfigContextLoaderUtils -Could not detect default configuration classes for test class [com.example.mybatisplus.test.DynamicTest]: DynamicTest does not declare any static, non-private, non-final, nested classes annotated with @Configuration.
2022-07-03 15:13:12.055 [main] INFO  o.s.b.t.context.SpringBootTestContextBootstrapper -Found @SpringBootConfiguration com.example.mybatisplus.MybatisplusApplication for test class com.example.mybatisplus.test.DynamicTest
2022-07-03 15:13:12.117 [main] INFO  o.s.b.t.context.SpringBootTestContextBootstrapper -Loaded default TestExecutionListener class names from location [META-INF/spring.factories]: [org.springframework.boot.test.mock.mockito.MockitoTestExecutionListener, org.springframework.boot.test.mock.mockito.ResetMocksTestExecutionListener, org.springframework.boot.test.autoconfigure.restdocs.RestDocsTestExecutionListener, org.springframework.boot.test.autoconfigure.web.client.MockRestServiceServerResetTestExecutionListener, org.springframework.boot.test.autoconfigure.web.servlet.MockMvcPrintOnlyOnFailureTestExecutionListener, org.springframework.boot.test.autoconfigure.web.servlet.WebDriverTestExecutionListener, org.springframework.boot.test.autoconfigure.webservices.client.MockWebServiceServerTestExecutionListener, org.springframework.test.context.web.ServletTestExecutionListener, org.springframework.test.context.support.DirtiesContextBeforeModesTestExecutionListener, org.springframework.test.context.event.ApplicationEventsTestExecutionListener, org.springframework.test.context.support.DependencyInjectionTestExecutionListener, org.springframework.test.context.support.DirtiesContextTestExecutionListener, org.springframework.test.context.transaction.TransactionalTestExecutionListener, org.springframework.test.context.jdbc.SqlScriptsTestExecutionListener, org.springframework.test.context.event.EventPublishingTestExecutionListener]
2022-07-03 15:13:12.129 [main] INFO  o.s.b.t.context.SpringBootTestContextBootstrapper -Using TestExecutionListeners: [org.springframework.test.context.web.ServletTestExecutionListener@1787bc24, org.springframework.test.context.support.DirtiesContextBeforeModesTestExecutionListener@544d57e, org.springframework.test.context.event.ApplicationEventsTestExecutionListener@55c53a33, org.springframework.boot.test.mock.mockito.MockitoTestExecutionListener@53b7f657, org.springframework.boot.test.autoconfigure.SpringBootDependencyInjectionTestExecutionListener@797b0699, org.springframework.test.context.support.DirtiesContextTestExecutionListener@5a37d3ed, org.springframework.test.context.transaction.TransactionalTestExecutionListener@26df6e3a, org.springframework.test.context.jdbc.SqlScriptsTestExecutionListener@4a3631f8, org.springframework.test.context.event.EventPublishingTestExecutionListener@6b58b9e9, org.springframework.boot.test.mock.mockito.ResetMocksTestExecutionListener@f14a7d4, org.springframework.boot.test.autoconfigure.restdocs.RestDocsTestExecutionListener@52e7a6b2, org.springframework.boot.test.autoconfigure.web.client.MockRestServiceServerResetTestExecutionListener@29a5f4e7, org.springframework.boot.test.autoconfigure.web.servlet.MockMvcPrintOnlyOnFailureTestExecutionListener@79c97cb, org.springframework.boot.test.autoconfigure.web.servlet.WebDriverTestExecutionListener@2d9caaeb, org.springframework.boot.test.autoconfigure.webservices.client.MockWebServiceServerTestExecutionListener@42a15bdc]
2022-07-03 15:13:12.460 [main] INFO  c.c.f.f.i.provider.DefaultApplicationProvider -App ID is set to SampleApp by app.id property from System Property
2022-07-03 15:13:12.461 [main] INFO  c.c.f.f.internals.provider.DefaultServerProvider -Environment is set to null. Because it is not available in either (1) JVM system property 'env', (2) OS env variable 'ENV' nor (3) property 'env' from the properties InputStream.
2022-07-03 15:13:12.664 [main] INFO  com.example.mybatisplus.test.DynamicTest -Starting DynamicTest using Java 1.8.0_212 on WIN-QCICFLQ1597 with PID 1032 (started by Administrator in D:\code\spring-boot-mybatisplus-3.1.x-master)
2022-07-03 15:13:12.664 [main] INFO  com.example.mybatisplus.test.DynamicTest -No active profile set, falling back to 1 default profile: "default"
2022-07-03 15:13:13.220 [main] INFO  o.s.c.annotation.ConfigurationClassPostProcessor -Cannot enhance @Configuration bean definition 'com.ctrip.framework.apollo.spring.boot.ApolloAutoConfiguration' since its singleton instance has been created too early. The typical cause is a non-static @Bean method with a BeanDefinitionRegistryPostProcessor return type: Consider declaring such methods as 'static'.
2022-07-03 15:13:13.366 [main] INFO  o.s.c.s.PostProcessorRegistrationDelegate$BeanPostProcessorChecker -Bean 'com.dtp.starter.common.autoconfigure.BaseBeanAutoConfiguration' of type [com.dtp.starter.common.autoconfigure.BaseBeanAutoConfiguration$$EnhancerBySpringCGLIB$$e1e5f0d8] is not eligible for getting processed by all BeanPostProcessors (for example: not eligible for auto-proxying)
2022-07-03 15:13:13.396 [main] INFO  o.s.c.s.PostProcessorRegistrationDelegate$BeanPostProcessorChecker -Bean 'dtpApplicationContextHolder' of type [com.dtp.common.ApplicationContextHolder] is not eligible for getting processed by all BeanPostProcessors (for example: not eligible for auto-proxying)
2022-07-03 15:13:13.517 [main] INFO  com.zaxxer.hikari.HikariDataSource -HikariPool-1 - Starting...
2022-07-03 15:13:14.009 [main] INFO  com.zaxxer.hikari.HikariDataSource -HikariPool-1 - Start completed.
2022-07-03 15:13:14.341 [main] INFO  com.dtp.core.DtpRegistry -DynamicTp register commonExecutor, source: beanPostProcessor, name: commonExecutor
2022-07-03 15:13:14.347 [main] INFO  com.dtp.core.DtpRegistry -DynamicTp register dtpExecutor, source: beanPostProcessor, executor: DtpMainProp(threadPoolName=dtpExecutor1, corePoolSize=1, maxPoolSize=12, keepAliveTime=30, queueType=VariableLinkedBlockingQueue, queueCapacity=1024, rejectType=AbortPolicy, allowCoreThreadTimeOut=false)
2022-07-03 15:13:14.350 [main] INFO  com.dtp.core.DtpRegistry -DynamicTp register dtpExecutor, source: beanPostProcessor, executor: DtpMainProp(threadPoolName=ioIntensiveExecutor, corePoolSize=20, maxPoolSize=50, keepAliveTime=30, queueType=TaskQueue, queueCapacity=2048, rejectType=AbortPolicy, allowCoreThreadTimeOut=false)
2022-07-03 15:13:14.352 [main] INFO  com.dtp.core.DtpRegistry -DynamicTp register dtpExecutor, source: beanPostProcessor, executor: DtpMainProp(threadPoolName=dtpExecutor2, corePoolSize=10, maxPoolSize=15, keepAliveTime=0, queueType=SynchronousQueue, queueCapacity=0, rejectType=AbortPolicy, allowCoreThreadTimeOut=false)
2022-07-03 15:13:14.688 [main] INFO  com.dtp.core.support.DtpBannerPrinter -
|  __ \                            (_) |__   __|   
| |  | |_   _ _ __   __ _ _ __ ___  _  ___| |_ __  
| |  | | | | | '_ \ / _` | '_ ` _ \| |/ __| | '_ \ 
| |__| | |_| | | | | (_| | | | | | | | (__| | |_) |
|_____/ \__, |_| |_|\__,_|_| |_| |_|_|\___|_| .__/ 
         __/ |                              | |    
        |___/                               |_|    
 :: Dynamic Thread Pool :: 
2022-07-03 15:13:14.702 [main] INFO  com.dtp.starter.apollo.refresh.ApolloRefresher -DynamicTp refresher, add listener success, namespace: dynamic.yml
2022-07-03 15:13:15.019 [main] INFO  o.s.b.actuate.endpoint.web.EndpointLinksResolver -Exposing 14 endpoint(s) beneath base path '/actuator'
2022-07-03 15:13:15.054 [main] INFO  com.example.mybatisplus.test.DynamicTest -Started DynamicTest in 2.762 seconds (JVM running for 3.602)
2022-07-03 15:13:15.090 [main] INFO  com.dtp.core.DtpRegistry -DtpRegistry initialization end, remote dtpExecutors: [dtpExecutor1], local dtpExecutors: [ioIntensiveExecutor, dtpExecutor2], local commonExecutors: [commonExecutor]
2022-07-03 15:13:15.318 [dtpExecutor1-1] INFO  com.example.mybatisplus.test.DynamicTest -i am dynamic-tp-test-2 task
2022-07-03 15:13:15.318 [dtpExecutor1-1] INFO  com.example.mybatisplus.test.DynamicTest -i am dynamic-tp-test-2 task
2022-07-03 15:13:15.318 [dtpExecutor1-1] INFO  com.example.mybatisplus.test.DynamicTest -i am dynamic-tp-test-2 task
2022-07-03 15:13:15.318 [dtpExecutor1-1] INFO  com.example.mybatisplus.test.DynamicTest -i am dynamic-tp-test-2 task
2022-07-03 15:13:15.318 [dtpExecutor1-1] INFO  com.example.mybatisplus.test.DynamicTest -i am dynamic-tp-test-2 task
2022-07-03 15:13:15.318 [dtpExecutor1-1] INFO  com.example.mybatisplus.test.DynamicTest -i am dynamic-tp-test-2 task
2022-07-03 15:13:15.318 [dtpExecutor1-1] INFO  com.example.mybatisplus.test.DynamicTest -i am dynamic-tp-test-2 task
2022-07-03 15:13:15.318 [dtpExecutor1-1] INFO  com.example.mybatisplus.test.DynamicTest -i am dynamic-tp-test-2 task
2022-07-03 15:13:15.318 [dtpExecutor1-1] INFO  com.example.mybatisplus.test.DynamicTest -i am dynamic-tp-test-2 task
2022-07-03 15:13:15.318 [dtpExecutor1-1] INFO  com.example.mybatisplus.test.DynamicTest -i am dynamic-tp-test-2 task
2022-07-03 15:13:15.329 [SpringApplicationShutdownHook] INFO  com.dtp.core.spring.DtpLifecycleSupport -Shutting down ExecutorService, poolName: dtpExecutor2
2022-07-03 15:13:15.329 [SpringApplicationShutdownHook] INFO  com.dtp.core.spring.DtpLifecycleSupport -Shutting down ExecutorService, poolName: ioIntensiveExecutor
2022-07-03 15:13:15.329 [SpringApplicationShutdownHook] INFO  com.dtp.core.spring.DtpLifecycleSupport -Shutting down ExecutorService, poolName: dtpExecutor1
2022-07-03 15:13:15.331 [SpringApplicationShutdownHook] INFO  com.zaxxer.hikari.HikariDataSource -HikariPool-1 - Shutdown initiated...
2022-07-03 15:13:15.333 [SpringApplicationShutdownHook] INFO  com.zaxxer.hikari.HikariDataSource -HikariPool-1 - Shutdown completed.
2022-07-03 15:13:39.285 [main] INFO  o.s.b.t.context.SpringBootTestContextBootstrapper -Neither @ContextConfiguration nor @ContextHierarchy found for test class [com.example.mybatisplus.test.DynamicTest], using SpringBootContextLoader
2022-07-03 15:13:39.289 [main] INFO  o.s.test.context.support.AbstractContextLoader -Could not detect default resource locations for test class [com.example.mybatisplus.test.DynamicTest]: no resource found for suffixes {-context.xml, Context.groovy}.
2022-07-03 15:13:39.290 [main] INFO  o.s.t.c.support.AnnotationConfigContextLoaderUtils -Could not detect default configuration classes for test class [com.example.mybatisplus.test.DynamicTest]: DynamicTest does not declare any static, non-private, non-final, nested classes annotated with @Configuration.
2022-07-03 15:13:39.370 [main] INFO  o.s.b.t.context.SpringBootTestContextBootstrapper -Found @SpringBootConfiguration com.example.mybatisplus.MybatisplusApplication for test class com.example.mybatisplus.test.DynamicTest
2022-07-03 15:13:39.436 [main] INFO  o.s.b.t.context.SpringBootTestContextBootstrapper -Loaded default TestExecutionListener class names from location [META-INF/spring.factories]: [org.springframework.boot.test.mock.mockito.MockitoTestExecutionListener, org.springframework.boot.test.mock.mockito.ResetMocksTestExecutionListener, org.springframework.boot.test.autoconfigure.restdocs.RestDocsTestExecutionListener, org.springframework.boot.test.autoconfigure.web.client.MockRestServiceServerResetTestExecutionListener, org.springframework.boot.test.autoconfigure.web.servlet.MockMvcPrintOnlyOnFailureTestExecutionListener, org.springframework.boot.test.autoconfigure.web.servlet.WebDriverTestExecutionListener, org.springframework.boot.test.autoconfigure.webservices.client.MockWebServiceServerTestExecutionListener, org.springframework.test.context.web.ServletTestExecutionListener, org.springframework.test.context.support.DirtiesContextBeforeModesTestExecutionListener, org.springframework.test.context.event.ApplicationEventsTestExecutionListener, org.springframework.test.context.support.DependencyInjectionTestExecutionListener, org.springframework.test.context.support.DirtiesContextTestExecutionListener, org.springframework.test.context.transaction.TransactionalTestExecutionListener, org.springframework.test.context.jdbc.SqlScriptsTestExecutionListener, org.springframework.test.context.event.EventPublishingTestExecutionListener]
2022-07-03 15:13:39.449 [main] INFO  o.s.b.t.context.SpringBootTestContextBootstrapper -Using TestExecutionListeners: [org.springframework.test.context.web.ServletTestExecutionListener@1787bc24, org.springframework.test.context.support.DirtiesContextBeforeModesTestExecutionListener@544d57e, org.springframework.test.context.event.ApplicationEventsTestExecutionListener@55c53a33, org.springframework.boot.test.mock.mockito.MockitoTestExecutionListener@53b7f657, org.springframework.boot.test.autoconfigure.SpringBootDependencyInjectionTestExecutionListener@797b0699, org.springframework.test.context.support.DirtiesContextTestExecutionListener@5a37d3ed, org.springframework.test.context.transaction.TransactionalTestExecutionListener@26df6e3a, org.springframework.test.context.jdbc.SqlScriptsTestExecutionListener@4a3631f8, org.springframework.test.context.event.EventPublishingTestExecutionListener@6b58b9e9, org.springframework.boot.test.mock.mockito.ResetMocksTestExecutionListener@f14a7d4, org.springframework.boot.test.autoconfigure.restdocs.RestDocsTestExecutionListener@52e7a6b2, org.springframework.boot.test.autoconfigure.web.client.MockRestServiceServerResetTestExecutionListener@29a5f4e7, org.springframework.boot.test.autoconfigure.web.servlet.MockMvcPrintOnlyOnFailureTestExecutionListener@79c97cb, org.springframework.boot.test.autoconfigure.web.servlet.WebDriverTestExecutionListener@2d9caaeb, org.springframework.boot.test.autoconfigure.webservices.client.MockWebServiceServerTestExecutionListener@42a15bdc]
2022-07-03 15:13:39.789 [main] INFO  c.c.f.f.i.provider.DefaultApplicationProvider -App ID is set to SampleApp by app.id property from System Property
2022-07-03 15:13:39.791 [main] INFO  c.c.f.f.internals.provider.DefaultServerProvider -Environment is set to null. Because it is not available in either (1) JVM system property 'env', (2) OS env variable 'ENV' nor (3) property 'env' from the properties InputStream.
2022-07-03 15:13:40.006 [main] INFO  com.example.mybatisplus.test.DynamicTest -Starting DynamicTest using Java 1.8.0_212 on WIN-QCICFLQ1597 with PID 6488 (started by Administrator in D:\code\spring-boot-mybatisplus-3.1.x-master)
2022-07-03 15:13:40.007 [main] INFO  com.example.mybatisplus.test.DynamicTest -No active profile set, falling back to 1 default profile: "default"
2022-07-03 15:13:40.554 [main] INFO  o.s.c.annotation.ConfigurationClassPostProcessor -Cannot enhance @Configuration bean definition 'com.ctrip.framework.apollo.spring.boot.ApolloAutoConfiguration' since its singleton instance has been created too early. The typical cause is a non-static @Bean method with a BeanDefinitionRegistryPostProcessor return type: Consider declaring such methods as 'static'.
2022-07-03 15:13:40.697 [main] INFO  o.s.c.s.PostProcessorRegistrationDelegate$BeanPostProcessorChecker -Bean 'com.dtp.starter.common.autoconfigure.BaseBeanAutoConfiguration' of type [com.dtp.starter.common.autoconfigure.BaseBeanAutoConfiguration$$EnhancerBySpringCGLIB$$f8ec4441] is not eligible for getting processed by all BeanPostProcessors (for example: not eligible for auto-proxying)
2022-07-03 15:13:40.727 [main] INFO  o.s.c.s.PostProcessorRegistrationDelegate$BeanPostProcessorChecker -Bean 'dtpApplicationContextHolder' of type [com.dtp.common.ApplicationContextHolder] is not eligible for getting processed by all BeanPostProcessors (for example: not eligible for auto-proxying)
2022-07-03 15:13:40.858 [main] INFO  com.zaxxer.hikari.HikariDataSource -HikariPool-1 - Starting...
2022-07-03 15:13:41.349 [main] INFO  com.zaxxer.hikari.HikariDataSource -HikariPool-1 - Start completed.
2022-07-03 15:13:41.680 [main] INFO  com.dtp.core.DtpRegistry -DynamicTp register commonExecutor, source: beanPostProcessor, name: commonExecutor
2022-07-03 15:13:41.686 [main] INFO  com.dtp.core.DtpRegistry -DynamicTp register dtpExecutor, source: beanPostProcessor, executor: DtpMainProp(threadPoolName=dtpExecutor1, corePoolSize=1, maxPoolSize=12, keepAliveTime=30, queueType=VariableLinkedBlockingQueue, queueCapacity=1024, rejectType=AbortPolicy, allowCoreThreadTimeOut=false)
2022-07-03 15:13:41.689 [main] INFO  com.dtp.core.DtpRegistry -DynamicTp register dtpExecutor, source: beanPostProcessor, executor: DtpMainProp(threadPoolName=ioIntensiveExecutor, corePoolSize=20, maxPoolSize=50, keepAliveTime=30, queueType=TaskQueue, queueCapacity=2048, rejectType=AbortPolicy, allowCoreThreadTimeOut=false)
2022-07-03 15:13:41.691 [main] INFO  com.dtp.core.DtpRegistry -DynamicTp register dtpExecutor, source: beanPostProcessor, executor: DtpMainProp(threadPoolName=dtpExecutor2, corePoolSize=10, maxPoolSize=15, keepAliveTime=0, queueType=SynchronousQueue, queueCapacity=0, rejectType=AbortPolicy, allowCoreThreadTimeOut=false)
2022-07-03 15:13:42.040 [main] INFO  com.dtp.core.support.DtpBannerPrinter -
|  __ \                            (_) |__   __|   
| |  | |_   _ _ __   __ _ _ __ ___  _  ___| |_ __  
| |  | | | | | '_ \ / _` | '_ ` _ \| |/ __| | '_ \ 
| |__| | |_| | | | | (_| | | | | | | | (__| | |_) |
|_____/ \__, |_| |_|\__,_|_| |_| |_|_|\___|_| .__/ 
         __/ |                              | |    
        |___/                               |_|    
 :: Dynamic Thread Pool :: 
2022-07-03 15:13:42.053 [main] INFO  com.dtp.starter.apollo.refresh.ApolloRefresher -DynamicTp refresher, add listener success, namespace: dynamic.yml
2022-07-03 15:13:42.386 [main] INFO  o.s.b.actuate.endpoint.web.EndpointLinksResolver -Exposing 14 endpoint(s) beneath base path '/actuator'
2022-07-03 15:13:42.422 [main] INFO  com.example.mybatisplus.test.DynamicTest -Started DynamicTest in 2.799 seconds (JVM running for 3.658)
2022-07-03 15:13:42.459 [main] INFO  com.dtp.core.DtpRegistry -DtpRegistry initialization end, remote dtpExecutors: [dtpExecutor1], local dtpExecutors: [ioIntensiveExecutor, dtpExecutor2], local commonExecutors: [commonExecutor]
2022-07-03 15:13:42.695 [SpringApplicationShutdownHook] INFO  com.dtp.core.spring.DtpLifecycleSupport -Shutting down ExecutorService, poolName: dtpExecutor2
2022-07-03 15:13:42.696 [SpringApplicationShutdownHook] INFO  com.dtp.core.spring.DtpLifecycleSupport -Shutting down ExecutorService, poolName: ioIntensiveExecutor
2022-07-03 15:13:42.696 [SpringApplicationShutdownHook] INFO  com.dtp.core.spring.DtpLifecycleSupport -Shutting down ExecutorService, poolName: dtpExecutor1
2022-07-03 15:13:42.696 [dtpExecutor1-1] INFO  com.example.mybatisplus.test.DynamicTest -i am dynamic-tp-test-2 task
2022-07-03 15:13:42.698 [SpringApplicationShutdownHook] INFO  com.zaxxer.hikari.HikariDataSource -HikariPool-1 - Shutdown initiated...
2022-07-03 15:13:42.699 [SpringApplicationShutdownHook] INFO  com.zaxxer.hikari.HikariDataSource -HikariPool-1 - Shutdown completed.
